<?xml version="1.0" encoding="UTF-8"?>
<testsuite name="MainTest" tests="1" skipped="0" failures="0" errors="0" timestamp="2017-04-04T18:43:17" hostname="/0:0:0:0:0:0:0:1%lo" time="0.003">
  <properties/>
  <testcase name="testTest" classname="MainTest" time="0.003"/>
  <system-out><![CDATA[]]></system-out>
  <system-err><![CDATA[]]></system-err>
</testsuite>
